2022-09-19 12:47:24.129  INFO 14680 --- [restartedMain] com.burakerdem.Application               : Starting Application using Java 17.0.4.1 on DESKTOP-FJ6VKSO with PID 14680 (D:\Patika\VsCode\Java103\SpringBoot\target\classes started by BilgeAdam(Java) in D:\Patika\VsCode\Java103\SpringBoot)
2022-09-19 12:47:24.133  INFO 14680 --- [restartedMain] com.burakerdem.Application               : No active profile set, falling back to 1 default profile: "default"
2022-09-19 12:47:24.175  INFO 14680 --- [restartedMain] .e.DevToolsPropertyDefaultsPostProcessor : Devtools property defaults active! Set 'spring.devtools.add-properties' to 'false' to disable
2022-09-19 12:47:24.175  INFO 14680 --- [restartedMain] .e.DevToolsPropertyDefaultsPostProcessor : For additional web related logging consider setting the 'logging.level.web' property to 'DEBUG'
2022-09-19 12:47:24.942  INFO 14680 --- [restartedMain] .s.d.r.c.RepositoryConfigurationDelegate : Multiple Spring Data modules found, entering strict repository configuration mode
2022-09-19 12:47:24.944  INFO 14680 --- [restartedMain] .s.d.r.c.RepositoryConfigurationDelegate : Bootstrapping Spring Data JDBC repositories in DEFAULT mode.
2022-09-19 12:47:24.952  INFO 14680 --- [restartedMain] .s.d.r.c.RepositoryConfigurationDelegate : Finished Spring Data repository scanning in 3 ms. Found 0 JDBC repository interfaces.
2022-09-19 12:47:24.957  INFO 14680 --- [restartedMain] .s.d.r.c.RepositoryConfigurationDelegate : Multiple Spring Data modules found, entering strict repository configuration mode
2022-09-19 12:47:24.958  INFO 14680 --- [restartedMain] .s.d.r.c.RepositoryConfigurationDelegate : Bootstrapping Spring Data JPA repositories in DEFAULT mode.
2022-09-19 12:47:24.963  INFO 14680 --- [restartedMain] .s.d.r.c.RepositoryConfigurationDelegate : Finished Spring Data repository scanning in 0 ms. Found 0 JPA repository interfaces.
2022-09-19 12:47:25.412  INFO 14680 --- [restartedMain] o.s.b.w.embedded.tomcat.TomcatWebServer  : Tomcat initialized with port(s): 8080 (http)
2022-09-19 12:47:25.420  INFO 14680 --- [restartedMain] o.apache.catalina.core.StandardService   : Starting service [Tomcat]
2022-09-19 12:47:25.420  INFO 14680 --- [restartedMain] org.apache.catalina.core.StandardEngine  : Starting Servlet engine: [Apache Tomcat/9.0.65]
2022-09-19 12:47:25.489  INFO 14680 --- [restartedMain] o.a.c.c.C.[Tomcat].[localhost].[/]       : Initializing Spring embedded WebApplicationContext
2022-09-19 12:47:25.489  INFO 14680 --- [restartedMain] w.s.c.ServletWebServerApplicationContext : Root WebApplicationContext: initialization completed in 1313 ms
2022-09-19 12:47:25.565  INFO 14680 --- [restartedMain] com.zaxxer.hikari.HikariDataSource       : HikariPool-1 - Starting...
2022-09-19 12:47:25.722  INFO 14680 --- [restartedMain] com.zaxxer.hikari.HikariDataSource       : HikariPool-1 - Start completed.
2022-09-19 12:47:25.730  INFO 14680 --- [restartedMain] o.s.b.a.h2.H2ConsoleAutoConfiguration    : H2 console available at '/h2-console'. Database available at 'jdbc:postgresql://localhost:5432/denemedb'
2022-09-19 12:47:25.824  INFO 14680 --- [restartedMain] o.hibernate.jpa.internal.util.LogHelper  : HHH000204: Processing PersistenceUnitInfo [name: default]
2022-09-19 12:47:25.876  INFO 14680 --- [restartedMain] org.hibernate.Version                    : HHH000412: Hibernate ORM core version 5.6.10.Final
2022-09-19 12:47:26.021  INFO 14680 --- [restartedMain] o.hibernate.annotations.common.Version   : HCANN000001: Hibernate Commons Annotations {5.1.2.Final}
2022-09-19 12:47:26.115  INFO 14680 --- [restartedMain] org.hibernate.dialect.Dialect            : HHH000400: Using dialect: org.hibernate.dialect.PostgreSQL10Dialect
2022-09-19 12:47:26.320  INFO 14680 --- [restartedMain] o.h.e.t.j.p.i.JtaPlatformInitiator       : HHH000490: Using JtaPlatform implementation: [org.hibernate.engine.transaction.jta.platform.internal.NoJtaPlatform]
2022-09-19 12:47:26.327  INFO 14680 --- [restartedMain] j.LocalContainerEntityManagerFactoryBean : Initialized JPA EntityManagerFactory for persistence unit 'default'
2022-09-19 12:47:26.425  WARN 14680 --- [restartedMain] JpaBaseConfiguration$JpaWebConfiguration : spring.jpa.open-in-view is enabled by default. Therefore, database queries may be performed during view rendering. Explicitly configure spring.jpa.open-in-view to disable this warning
2022-09-19 12:47:26.839  WARN 14680 --- [restartedMain] ion$DefaultTemplateResolverConfiguration : Cannot find template location: classpath:/templates/ (please add some templates or check your Thymeleaf configuration)
2022-09-19 12:47:27.147  INFO 14680 --- [restartedMain] o.s.b.d.a.OptionalLiveReloadServer       : LiveReload server is running on port 35729
2022-09-19 12:47:27.150  INFO 14680 --- [restartedMain] o.s.b.a.e.web.EndpointLinksResolver      : Exposing 1 endpoint(s) beneath base path '/actuator'
2022-09-19 12:47:27.184  INFO 14680 --- [restartedMain] o.s.b.w.embedded.tomcat.TomcatWebServer  : Tomcat started on port(s): 8080 (http) with context path ''
2022-09-19 12:47:27.198  INFO 14680 --- [restartedMain] com.burakerdem.Application               : Started Application in 3.415 seconds (JVM running for 3.968)
